This file contains any messages produced by compilers while
running configure, to aid debugging if configure makes a mistake.

It was created by INF2610-LAB2 configure 1.4, which was
generated by GNU Autoconf 2.69.  Invocation command line was

  $ ./configure 

## --------- ##
## Platform. ##
## --------- ##

hostname = l4712-24.info.polymtl.ca
uname -m = x86_64
uname -r = 4.11.6-201.fc25.x86_64
uname -s = Linux
uname -v = #1 SMP Tue Jun 20 20:21:11 UTC 2017

/usr/bin/uname -p = x86_64
/bin/uname -X     = unknown

/bin/arch              = x86_64
/usr/bin/arch -k       = unknown
/usr/convex/getsysinfo = unknown
/usr/bin/hostinfo      = unknown
/bin/machine           = unknown
/usr/bin/oslevel       = unknown
/bin/universe          = unknown

PATH: /usr/local/cours/HACK/idea-IC-171.4249.39/bin
PATH: /usr/lib64/qt-3.3/bin
PATH: /usr/lib64/mpich/bin
PATH: /opt/cuda-8.0/bin
PATH: /usr/local/bin
PATH: /usr/bin
PATH: /bin
PATH: /usr/local/sbin
PATH: /usr/sbin
PATH: /opt/java/jdk8.x86_64/bin
PATH: /opt/MATLAB/R2017a/bin
PATH: /opt/pycharm-edu-3.0/bin
PATH: /usr/local/CPNTools/bin
PATH: /usr/local/openclcc/bin
PATH: /usr/local/cours/inf1995/bin
PATH: /usr/local/cours/INF6101/bin
PATH: /usr/local/cours/INF6410/bin
PATH: /usr/local/cours/INF6603/bin
PATH: /usr/local/cours/inf6802/bin
PATH: /usr/local/cours/JohnMullins/bin
PATH: /usr/local/cours/LOG1000/bin
PATH: /usr/local/cours/LOG4420/bin
PATH: /usr/local/cours/INF2610/workload-kit-0.1.16/bin
PATH: /usr/local/cours/INF2610/lttv/bin
PATH: /usr/local/cours/INF2610/lttng/bin
PATH: /usr/local/cours/INF2610/trace-compass
PATH: /usr/local/cours/INF6603/CPAchecker-1.3.4-unix/scripts
PATH: /usr/local/cours/INF6603/llbmc-2013.1-Linux_64/bin
PATH: /usr/local/cours/INF6603/uppaal64-4.1.19
PATH: /usr/local/cours/INF6603/uppaal-tiga-0.18
PATH: /usr/local/cours/LOG1000/pmccabe/usr/bin
PATH: /usr/local/cours/LOG6605/prism-4.3-linux64/bin


## ----------- ##
## Core tests. ##
## ----------- ##

configure:2421: checking for a BSD-compatible install
configure:2489: result: /usr/bin/install -c
configure:2500: checking whether build environment is sane
configure:2555: result: yes
configure:2706: checking for a thread-safe mkdir -p
configure:2745: result: /usr/bin/mkdir -p
configure:2752: checking for gawk
configure:2768: found /usr/bin/gawk
configure:2779: result: gawk
configure:2790: checking whether make sets $(MAKE)
configure:2812: result: yes
configure:2841: checking whether make supports nested variables
configure:2858: result: yes
configure:3014: checking build system type
configure:3028: result: x86_64-pc-linux-gnu
configure:3048: checking host system type
configure:3061: result: x86_64-pc-linux-gnu
configure:3102: checking how to print strings
configure:3129: result: printf
configure:3162: checking for style of include used by make
configure:3190: result: GNU
configure:3261: checking for gcc
configure:3277: found /usr/bin/gcc
configure:3288: result: gcc
configure:3517: checking for C compiler version
configure:3526: gcc --version >&5
gcc (GCC) 6.3.1 20161221 (Red Hat 6.3.1-1)
Copyright (C) 2016 Free Software Foundation, Inc.
This is free software; see the source for copying conditions.  There is NO
warranty; not even for MERCHANTABILITY or FITNESS FOR A PARTICULAR PURPOSE.

configure:3537: $? = 0
configure:3526: gcc -v >&5
Using built-in specs.
COLLECT_GCC=gcc
COLLECT_LTO_WRAPPER=/usr/libexec/gcc/x86_64-redhat-linux/6.3.1/lto-wrapper
Target: x86_64-redhat-linux
Configured with: ../configure --enable-bootstrap --enable-languages=c,c++,objc,obj-c++,fortran,ada,go,lto --prefix=/usr --mandir=/usr/share/man --infodir=/usr/share/info --with-bugurl=http://bugzilla.redhat.com/bugzilla --enable-shared --enable-threads=posix --enable-checking=release --enable-multilib --with-system-zlib --enable-__cxa_atexit --disable-libunwind-exceptions --enable-gnu-unique-object --enable-linker-build-id --with-linker-hash-style=gnu --enable-plugin --enable-initfini-array --disable-libgcj --with-isl --enable-libmpx --enable-gnu-indirect-function --with-tune=generic --with-arch_32=i686 --build=x86_64-redhat-linux
Thread model: posix
gcc version 6.3.1 20161221 (Red Hat 6.3.1-1) (GCC) 
configure:3537: $? = 0
configure:3526: gcc -V >&5
gcc: error: unrecognized command line option '-V'
gcc: fatal error: no input files
compilation terminated.
configure:3537: $? = 1
configure:3526: gcc -qversion >&5
gcc: error: unrecognized command line option '-qversion'; did you mean '--version'?
gcc: fatal error: no input files
compilation terminated.
configure:3537: $? = 1
configure:3557: checking whether the C compiler works
configure:3579: gcc    conftest.c  >&5
configure:3583: $? = 0
configure:3631: result: yes
configure:3634: checking for C compiler default output file name
configure:3636: result: a.out
configure:3642: checking for suffix of executables
configure:3649: gcc -o conftest    conftest.c  >&5
configure:3653: $? = 0
configure:3675: result: 
configure:3697: checking whether we are cross compiling
configure:3705: gcc -o conftest    conftest.c  >&5
configure:3709: $? = 0
configure:3716: ./conftest
configure:3720: $? = 0
configure:3735: result: no
configure:3740: checking for suffix of object files
configure:3762: gcc -c   conftest.c >&5
configure:3766: $? = 0
configure:3787: result: o
configure:3791: checking whether we are using the GNU C compiler
configure:3810: gcc -c   conftest.c >&5
configure:3810: $? = 0
configure:3819: result: yes
configure:3828: checking whether gcc accepts -g
configure:3848: gcc -c -g  conftest.c >&5
configure:3848: $? = 0
configure:3889: result: yes
configure:3906: checking for gcc option to accept ISO C89
configure:3969: gcc  -c -g -O2  conftest.c >&5
configure:3969: $? = 0
configure:3982: result: none needed
configure:4007: checking whether gcc understands -c and -o together
configure:4029: gcc -c conftest.c -o conftest2.o
configure:4032: $? = 0
configure:4029: gcc -c conftest.c -o conftest2.o
configure:4032: $? = 0
configure:4044: result: yes
configure:4063: checking dependency style of gcc
configure:4174: result: gcc3
configure:4189: checking for a sed that does not truncate output
configure:4253: result: /usr/bin/sed
configure:4271: checking for grep that handles long lines and -e
configure:4329: result: /usr/bin/grep
configure:4334: checking for egrep
configure:4396: result: /usr/bin/grep -E
configure:4401: checking for fgrep
configure:4463: result: /usr/bin/grep -F
configure:4498: checking for ld used by gcc
configure:4565: result: /usr/bin/ld
configure:4572: checking if the linker (/usr/bin/ld) is GNU ld
configure:4587: result: yes
configure:4599: checking for BSD- or MS-compatible name lister (nm)
configure:4653: result: /usr/bin/nm -B
configure:4783: checking the name lister (/usr/bin/nm -B) interface
configure:4790: gcc -c -g -O2  conftest.c >&5
configure:4793: /usr/bin/nm -B "conftest.o"
configure:4796: output
0000000000000000 B some_variable
configure:4803: result: BSD nm
configure:4806: checking whether ln -s works
configure:4810: result: yes
configure:4818: checking the maximum length of command line arguments
configure:4949: result: 1572864
configure:4997: checking how to convert x86_64-pc-linux-gnu file names to x86_64-pc-linux-gnu format
configure:5037: result: func_convert_file_noop
configure:5044: checking how to convert x86_64-pc-linux-gnu file names to toolchain format
configure:5064: result: func_convert_file_noop
configure:5071: checking for /usr/bin/ld option to reload object files
configure:5078: result: -r
configure:5152: checking for objdump
configure:5168: found /usr/bin/objdump
configure:5179: result: objdump
configure:5211: checking how to recognize dependent libraries
configure:5411: result: pass_all
configure:5496: checking for dlltool
configure:5526: result: no
configure:5556: checking how to associate runtime and link libraries
configure:5583: result: printf %s\n
configure:5644: checking for ar
configure:5660: found /usr/bin/ar
configure:5671: result: ar
configure:5708: checking for archiver @FILE support
configure:5725: gcc -c -g -O2  conftest.c >&5
configure:5725: $? = 0
configure:5728: ar cru libconftest.a @conftest.lst >&5
configure:5731: $? = 0
configure:5736: ar cru libconftest.a @conftest.lst >&5
ar: conftest.o: No such file or directory
configure:5739: $? = 1
configure:5751: result: @
configure:5809: checking for strip
configure:5825: found /usr/bin/strip
configure:5836: result: strip
configure:5908: checking for ranlib
configure:5924: found /usr/bin/ranlib
configure:5935: result: ranlib
configure:6037: checking command to parse /usr/bin/nm -B output from gcc object
configure:6190: gcc -c -g -O2  conftest.c >&5
configure:6193: $? = 0
configure:6197: /usr/bin/nm -B conftest.o \| sed -n -e 's/^.*[ ]\([ABCDGIRSTW][ABCDGIRSTW]*\)[ ][ ]*\([_A-Za-z][_A-Za-z0-9]*\)$/\1 \2 \2/p' | sed '/ __gnu_lto/d' \> conftest.nm
configure:6200: $? = 0
configure:6266: gcc -o conftest -g -O2   conftest.c conftstm.o >&5
configure:6269: $? = 0
configure:6307: result: ok
configure:6354: checking for sysroot
configure:6384: result: no
configure:6391: checking for a working dd
configure:6429: result: /usr/bin/dd
configure:6433: checking how to truncate binary pipes
configure:6448: result: /usr/bin/dd bs=4096 count=1
configure:6584: gcc -c -g -O2  conftest.c >&5
configure:6587: $? = 0
configure:6777: checking for mt
configure:6807: result: no
configure:6827: checking if : is a manifest tool
configure:6833: : '-?'
configure:6841: result: no
configure:7518: checking how to run the C preprocessor
configure:7549: gcc -E  conftest.c
configure:7549: $? = 0
configure:7563: gcc -E  conftest.c
conftest.c:11:28: fatal error: ac_nonexistent.h: No such file or directory
 #include <ac_nonexistent.h>
                            ^
compilation terminated.
configure:7563: $? = 1
configure: failed program was:
| /* confdefs.h */
| #define PACKAGE_NAME "INF2610-LAB2"
| #define PACKAGE_TARNAME "inf2610-lab2"
| #define PACKAGE_VERSION "1.4"
| #define PACKAGE_STRING "INF2610-LAB2 1.4"
| #define PACKAGE_BUGREPORT ""
| #define PACKAGE_URL ""
| #define PACKAGE "inf2610-lab2"
| #define VERSION "1.4"
| /* end confdefs.h.  */
| #include <ac_nonexistent.h>
configure:7588: result: gcc -E
configure:7608: gcc -E  conftest.c
configure:7608: $? = 0
configure:7622: gcc -E  conftest.c
conftest.c:11:28: fatal error: ac_nonexistent.h: No such file or directory
 #include <ac_nonexistent.h>
                            ^
compilation terminated.
configure:7622: $? = 1
configure: failed program was:
| /* confdefs.h */
| #define PACKAGE_NAME "INF2610-LAB2"
| #define PACKAGE_TARNAME "inf2610-lab2"
| #define PACKAGE_VERSION "1.4"
| #define PACKAGE_STRING "INF2610-LAB2 1.4"
| #define PACKAGE_BUGREPORT ""
| #define PACKAGE_URL ""
| #define PACKAGE "inf2610-lab2"
| #define VERSION "1.4"
| /* end confdefs.h.  */
| #include <ac_nonexistent.h>
configure:7651: checking for ANSI C header files
configure:7671: gcc -c -g -O2  conftest.c >&5
configure:7671: $? = 0
configure:7744: gcc -o conftest -g -O2   conftest.c  >&5
configure:7744: $? = 0
configure:7744: ./conftest
configure:7744: $? = 0
configure:7755: result: yes
configure:7768: checking for sys/types.h
configure:7768: gcc -c -g -O2  conftest.c >&5
configure:7768: $? = 0
configure:7768: result: yes
configure:7768: checking for sys/stat.h
configure:7768: gcc -c -g -O2  conftest.c >&5
configure:7768: $? = 0
configure:7768: result: yes
configure:7768: checking for stdlib.h
configure:7768: gcc -c -g -O2  conftest.c >&5
configure:7768: $? = 0
configure:7768: result: yes
configure:7768: checking for string.h
configure:7768: gcc -c -g -O2  conftest.c >&5
configure:7768: $? = 0
configure:7768: result: yes
configure:7768: checking for memory.h
configure:7768: gcc -c -g -O2  conftest.c >&5
configure:7768: $? = 0
configure:7768: result: yes
configure:7768: checking for strings.h
configure:7768: gcc -c -g -O2  conftest.c >&5
configure:7768: $? = 0
configure:7768: result: yes
configure:7768: checking for inttypes.h
configure:7768: gcc -c -g -O2  conftest.c >&5
configure:7768: $? = 0
configure:7768: result: yes
configure:7768: checking for stdint.h
configure:7768: gcc -c -g -O2  conftest.c >&5
configure:7768: $? = 0
configure:7768: result: yes
configure:7768: checking for unistd.h
configure:7768: gcc -c -g -O2  conftest.c >&5
configure:7768: $? = 0
configure:7768: result: yes
configure:7782: checking for dlfcn.h
configure:7782: gcc -c -g -O2  conftest.c >&5
configure:7782: $? = 0
configure:7782: result: yes
configure:8038: checking for objdir
configure:8053: result: .libs
configure:8317: checking if gcc supports -fno-rtti -fno-exceptions
configure:8335: gcc -c -g -O2  -fno-rtti -fno-exceptions conftest.c >&5
cc1: warning: command line option '-fno-rtti' is valid for C++/ObjC++ but not for C
configure:8339: $? = 0
configure:8352: result: no
configure:8710: checking for gcc option to produce PIC
configure:8717: result: -fPIC -DPIC
configure:8725: checking if gcc PIC flag -fPIC -DPIC works
configure:8743: gcc -c -g -O2  -fPIC -DPIC -DPIC conftest.c >&5
configure:8747: $? = 0
configure:8760: result: yes
configure:8789: checking if gcc static flag -static works
configure:8817: result: yes
configure:8832: checking if gcc supports -c -o file.o
configure:8853: gcc -c -g -O2  -o out/conftest2.o conftest.c >&5
configure:8857: $? = 0
configure:8879: result: yes
configure:8887: checking if gcc supports -c -o file.o
configure:8934: result: yes
configure:8967: checking whether the gcc linker (/usr/bin/ld -m elf_x86_64) supports shared libraries
configure:10230: result: yes
configure:10267: checking whether -lc should be explicitly linked in
configure:10275: gcc -c -g -O2  conftest.c >&5
configure:10278: $? = 0
configure:10293: gcc -shared  -fPIC -DPIC conftest.o  -v -Wl,-soname -Wl,conftest -o conftest 2\>\&1 \| /usr/bin/grep  -lc  \>/dev/null 2\>\&1
configure:10296: $? = 0
configure:10310: result: no
configure:10470: checking dynamic linker characteristics
configure:11051: gcc -o conftest -g -O2   -Wl,-rpath -Wl,/foo conftest.c  >&5
configure:11051: $? = 0
configure:11300: result: GNU/Linux ld.so
configure:11422: checking how to hardcode library paths into programs
configure:11447: result: immediate
configure:11995: checking whether stripping libraries is possible
configure:12000: result: yes
configure:12035: checking if libtool supports shared libraries
configure:12037: result: yes
configure:12040: checking whether to build shared libraries
configure:12065: result: yes
configure:12068: checking whether to build static libraries
configure:12072: result: yes
configure:12113: checking for sys/types.h
configure:12113: result: yes
configure:12113: checking for unistd.h
configure:12113: result: yes
configure:12113: checking fcntl.h usability
configure:12113: gcc -c -g -O2  conftest.c >&5
configure:12113: $? = 0
configure:12113: result: yes
configure:12113: checking fcntl.h presence
configure:12113: gcc -E  conftest.c
configure:12113: $? = 0
configure:12113: result: yes
configure:12113: checking for fcntl.h
configure:12113: result: yes
configure:12113: checking for strings.h
configure:12113: result: yes
configure:12113: checking pthread.h usability
configure:12113: gcc -c -g -O2  conftest.c >&5
configure:12113: $? = 0
configure:12113: result: yes
configure:12113: checking pthread.h presence
configure:12113: gcc -E  conftest.c
configure:12113: $? = 0
configure:12113: result: yes
configure:12113: checking for pthread.h
configure:12113: result: yes
configure:12113: checking time.h usability
configure:12113: gcc -c -g -O2  conftest.c >&5
configure:12113: $? = 0
configure:12113: result: yes
configure:12113: checking time.h presence
configure:12113: gcc -E  conftest.c
configure:12113: $? = 0
configure:12113: result: yes
configure:12113: checking for time.h
configure:12113: result: yes
configure:12113: checking errno.h usability
configure:12113: gcc -c -g -O2  conftest.c >&5
configure:12113: $? = 0
configure:12113: result: yes
configure:12113: checking errno.h presence
configure:12113: gcc -E  conftest.c
configure:12113: $? = 0
configure:12113: result: yes
configure:12113: checking for errno.h
configure:12113: result: yes
configure:12113: checking stdarg.h usability
configure:12113: gcc -c -g -O2  conftest.c >&5
configure:12113: $? = 0
configure:12113: result: yes
configure:12113: checking stdarg.h presence
configure:12113: gcc -E  conftest.c
configure:12113: $? = 0
configure:12113: result: yes
configure:12113: checking for stdarg.h
configure:12113: result: yes
configure:12113: checking limits.h usability
configure:12113: gcc -c -g -O2  conftest.c >&5
configure:12113: $? = 0
configure:12113: result: yes
configure:12113: checking limits.h presence
configure:12113: gcc -E  conftest.c
configure:12113: $? = 0
configure:12113: result: yes
configure:12113: checking for limits.h
configure:12113: result: yes
configure:12113: checking signal.h usability
configure:12113: gcc -c -g -O2  conftest.c >&5
configure:12113: $? = 0
configure:12113: result: yes
configure:12113: checking signal.h presence
configure:12113: gcc -E  conftest.c
configure:12113: $? = 0
configure:12113: result: yes
configure:12113: checking for signal.h
configure:12113: result: yes
configure:12113: checking for stdlib.h
configure:12113: result: yes
configure:12126: checking for inttypes.h
configure:12126: result: yes
configure:12126: checking math.h usability
configure:12126: gcc -c -g -O2  conftest.c >&5
configure:12126: $? = 0
configure:12126: result: yes
configure:12126: checking math.h presence
configure:12126: gcc -E  conftest.c
configure:12126: $? = 0
configure:12126: result: yes
configure:12126: checking for math.h
configure:12126: result: yes
configure:12136: checking for pthread_create in -lpthread
configure:12161: gcc -o conftest -g -O2   conftest.c -lpthread   >&5
configure:12161: $? = 0
configure:12170: result: yes
configure:12235: checking for pkg-config
configure:12253: found /usr/bin/pkg-config
configure:12265: result: /usr/bin/pkg-config
configure:12290: checking pkg-config is at least version 0.9.0
configure:12293: result: yes
configure:12303: checking for GLIB
configure:12310: $PKG_CONFIG --exists --print-errors "glib-2.0"
configure:12313: $? = 0
configure:12327: $PKG_CONFIG --exists --print-errors "glib-2.0"
configure:12330: $? = 0
configure:12388: result: yes
configure:12405: checking whether make supports nested variables
configure:12422: result: yes
configure:12440: checking for nasm
configure:12456: found /usr/bin/nasm
configure:12467: result: nasm
configure:12480: checking for object file format of host system
configure:12554: result: ELF64
configure:12562: checking for object file format specifier (NAFLAGS) 
configure:12577: result: -felf64 -DELF -D__x86_64__
configure:12581: checking whether the assembler (nasm -felf64 -DELF -D__x86_64__) works
configure:12592: nasm -felf64 -DELF -D__x86_64__ -o conftest.o conftest.asm
configure:12595: $? = 0
configure:12597: result: yes
configure:12608: checking whether the linker accepts assembler output
configure:12611: gcc -o conftest  conftest.o -lpthread  1>&5
configure:12614: $? = 0
configure:12617: result: yes
configure:12676: checking for gcc
configure:12703: result: gcc
configure:12932: checking for C compiler version
configure:12941: gcc --version >&5
gcc (GCC) 6.3.1 20161221 (Red Hat 6.3.1-1)
Copyright (C) 2016 Free Software Foundation, Inc.
This is free software; see the source for copying conditions.  There is NO
warranty; not even for MERCHANTABILITY or FITNESS FOR A PARTICULAR PURPOSE.

configure:12952: $? = 0
configure:12941: gcc -v >&5
Using built-in specs.
COLLECT_GCC=gcc
COLLECT_LTO_WRAPPER=/usr/libexec/gcc/x86_64-redhat-linux/6.3.1/lto-wrapper
Target: x86_64-redhat-linux
Configured with: ../configure --enable-bootstrap --enable-languages=c,c++,objc,obj-c++,fortran,ada,go,lto --prefix=/usr --mandir=/usr/share/man --infodir=/usr/share/info --with-bugurl=http://bugzilla.redhat.com/bugzilla --enable-shared --enable-threads=posix --enable-checking=release --enable-multilib --with-system-zlib --enable-__cxa_atexit --disable-libunwind-exceptions --enable-gnu-unique-object --enable-linker-build-id --with-linker-hash-style=gnu --enable-plugin --enable-initfini-array --disable-libgcj --with-isl --enable-libmpx --enable-gnu-indirect-function --with-tune=generic --with-arch_32=i686 --build=x86_64-redhat-linux
Thread model: posix
gcc version 6.3.1 20161221 (Red Hat 6.3.1-1) (GCC) 
configure:12952: $? = 0
configure:12941: gcc -V >&5
gcc: error: unrecognized command line option '-V'
gcc: fatal error: no input files
compilation terminated.
configure:12952: $? = 1
configure:12941: gcc -qversion >&5
gcc: error: unrecognized command line option '-qversion'; did you mean '--version'?
gcc: fatal error: no input files
compilation terminated.
configure:12952: $? = 1
configure:12956: checking whether we are using the GNU C compiler
configure:12984: result: yes
configure:12993: checking whether gcc accepts -g
configure:13054: result: yes
configure:13071: checking for gcc option to accept ISO C89
configure:13147: result: none needed
configure:13172: checking whether gcc understands -c and -o together
configure:13209: result: yes
configure:13228: checking dependency style of gcc
configure:13339: result: gcc3
configure:13412: checking for g++
configure:13428: found /usr/bin/g++
configure:13439: result: g++
configure:13466: checking for C++ compiler version
configure:13475: g++ --version >&5
g++ (GCC) 6.3.1 20161221 (Red Hat 6.3.1-1)
Copyright (C) 2016 Free Software Foundation, Inc.
This is free software; see the source for copying conditions.  There is NO
warranty; not even for MERCHANTABILITY or FITNESS FOR A PARTICULAR PURPOSE.

configure:13486: $? = 0
configure:13475: g++ -v >&5
Using built-in specs.
COLLECT_GCC=g++
COLLECT_LTO_WRAPPER=/usr/libexec/gcc/x86_64-redhat-linux/6.3.1/lto-wrapper
Target: x86_64-redhat-linux
Configured with: ../configure --enable-bootstrap --enable-languages=c,c++,objc,obj-c++,fortran,ada,go,lto --prefix=/usr --mandir=/usr/share/man --infodir=/usr/share/info --with-bugurl=http://bugzilla.redhat.com/bugzilla --enable-shared --enable-threads=posix --enable-checking=release --enable-multilib --with-system-zlib --enable-__cxa_atexit --disable-libunwind-exceptions --enable-gnu-unique-object --enable-linker-build-id --with-linker-hash-style=gnu --enable-plugin --enable-initfini-array --disable-libgcj --with-isl --enable-libmpx --enable-gnu-indirect-function --with-tune=generic --with-arch_32=i686 --build=x86_64-redhat-linux
Thread model: posix
gcc version 6.3.1 20161221 (Red Hat 6.3.1-1) (GCC) 
configure:13486: $? = 0
configure:13475: g++ -V >&5
g++: error: unrecognized command line option '-V'
g++: fatal error: no input files
compilation terminated.
configure:13486: $? = 1
configure:13475: g++ -qversion >&5
g++: error: unrecognized command line option '-qversion'; did you mean '--version'?
g++: fatal error: no input files
compilation terminated.
configure:13486: $? = 1
configure:13490: checking whether we are using the GNU C++ compiler
configure:13509: g++ -c   conftest.cpp >&5
configure:13509: $? = 0
configure:13518: result: yes
configure:13527: checking whether g++ accepts -g
configure:13547: g++ -c -g  conftest.cpp >&5
configure:13547: $? = 0
configure:13588: result: yes
configure:13613: checking dependency style of g++
configure:13724: result: gcc3
configure:13757: checking how to run the C++ preprocessor
configure:13784: g++ -E  conftest.cpp
configure:13784: $? = 0
configure:13798: g++ -E  conftest.cpp
conftest.cpp:37:28: fatal error: ac_nonexistent.h: No such file or directory
 #include <ac_nonexistent.h>
                            ^
compilation terminated.
configure:13798: $? = 1
configure: failed program was:
| /* confdefs.h */
| #define PACKAGE_NAME "INF2610-LAB2"
| #define PACKAGE_TARNAME "inf2610-lab2"
| #define PACKAGE_VERSION "1.4"
| #define PACKAGE_STRING "INF2610-LAB2 1.4"
| #define PACKAGE_BUGREPORT ""
| #define PACKAGE_URL ""
| #define PACKAGE "inf2610-lab2"
| #define VERSION "1.4"
| #define STDC_HEADERS 1
| #define HAVE_SYS_TYPES_H 1
| #define HAVE_SYS_STAT_H 1
| #define HAVE_STDLIB_H 1
| #define HAVE_STRING_H 1
| #define HAVE_MEMORY_H 1
| #define HAVE_STRINGS_H 1
| #define HAVE_INTTYPES_H 1
| #define HAVE_STDINT_H 1
| #define HAVE_UNISTD_H 1
| #define HAVE_DLFCN_H 1
| #define LT_OBJDIR ".libs/"
| #define HAVE_SYS_TYPES_H 1
| #define HAVE_UNISTD_H 1
| #define HAVE_FCNTL_H 1
| #define HAVE_STRINGS_H 1
| #define HAVE_PTHREAD_H 1
| #define HAVE_TIME_H 1
| #define HAVE_ERRNO_H 1
| #define HAVE_STDARG_H 1
| #define HAVE_LIMITS_H 1
| #define HAVE_SIGNAL_H 1
| #define HAVE_STDLIB_H 1
| #define HAVE_INTTYPES_H 1
| #define HAVE_MATH_H 1
| #define HAVE_LIBPTHREAD 1
| /* end confdefs.h.  */
| #include <ac_nonexistent.h>
configure:13823: result: g++ -E
configure:13843: g++ -E  conftest.cpp
configure:13843: $? = 0
configure:13857: g++ -E  conftest.cpp
conftest.cpp:37:28: fatal error: ac_nonexistent.h: No such file or directory
 #include <ac_nonexistent.h>
                            ^
compilation terminated.
configure:13857: $? = 1
configure: failed program was:
| /* confdefs.h */
| #define PACKAGE_NAME "INF2610-LAB2"
| #define PACKAGE_TARNAME "inf2610-lab2"
| #define PACKAGE_VERSION "1.4"
| #define PACKAGE_STRING "INF2610-LAB2 1.4"
| #define PACKAGE_BUGREPORT ""
| #define PACKAGE_URL ""
| #define PACKAGE "inf2610-lab2"
| #define VERSION "1.4"
| #define STDC_HEADERS 1
| #define HAVE_SYS_TYPES_H 1
| #define HAVE_SYS_STAT_H 1
| #define HAVE_STDLIB_H 1
| #define HAVE_STRING_H 1
| #define HAVE_MEMORY_H 1
| #define HAVE_STRINGS_H 1
| #define HAVE_INTTYPES_H 1
| #define HAVE_STDINT_H 1
| #define HAVE_UNISTD_H 1
| #define HAVE_DLFCN_H 1
| #define LT_OBJDIR ".libs/"
| #define HAVE_SYS_TYPES_H 1
| #define HAVE_UNISTD_H 1
| #define HAVE_FCNTL_H 1
| #define HAVE_STRINGS_H 1
| #define HAVE_PTHREAD_H 1
| #define HAVE_TIME_H 1
| #define HAVE_ERRNO_H 1
| #define HAVE_STDARG_H 1
| #define HAVE_LIMITS_H 1
| #define HAVE_SIGNAL_H 1
| #define HAVE_STDLIB_H 1
| #define HAVE_INTTYPES_H 1
| #define HAVE_MATH_H 1
| #define HAVE_LIBPTHREAD 1
| /* end confdefs.h.  */
| #include <ac_nonexistent.h>
configure:14019: checking for ld used by g++
configure:14086: result: /usr/bin/ld -m elf_x86_64
configure:14093: checking if the linker (/usr/bin/ld -m elf_x86_64) is GNU ld
configure:14108: result: yes
configure:14163: checking whether the g++ linker (/usr/bin/ld -m elf_x86_64) supports shared libraries
configure:15236: result: yes
configure:15272: g++ -c -g -O2  conftest.cpp >&5
configure:15275: $? = 0
configure:15756: checking for g++ option to produce PIC
configure:15763: result: -fPIC -DPIC
configure:15771: checking if g++ PIC flag -fPIC -DPIC works
configure:15789: g++ -c -g -O2  -fPIC -DPIC -DPIC conftest.cpp >&5
configure:15793: $? = 0
configure:15806: result: yes
configure:15829: checking if g++ static flag -static works
configure:15857: result: no
configure:15869: checking if g++ supports -c -o file.o
configure:15890: g++ -c -g -O2  -o out/conftest2.o conftest.cpp >&5
configure:15894: $? = 0
configure:15916: result: yes
configure:15921: checking if g++ supports -c -o file.o
configure:15968: result: yes
configure:15998: checking whether the g++ linker (/usr/bin/ld -m elf_x86_64) supports shared libraries
configure:16041: result: yes
configure:16182: checking dynamic linker characteristics
configure:16939: result: GNU/Linux ld.so
configure:17004: checking how to hardcode library paths into programs
configure:17029: result: immediate
configure:17113: checking for ranlib
configure:17140: result: ranlib
configure:17272: checking that generated files are newer than configure
configure:17278: result: done
configure:17309: creating ./config.status

## ---------------------- ##
## Running config.status. ##
## ---------------------- ##

This file was extended by INF2610-LAB2 config.status 1.4, which was
generated by GNU Autoconf 2.69.  Invocation command line was

  CONFIG_FILES    = 
  CONFIG_HEADERS  = 
  CONFIG_LINKS    = 
  CONFIG_COMMANDS = 
  $ ./config.status 

on l4712-24.info.polymtl.ca

config.status:1172: creating Makefile
config.status:1172: creating lexique/Makefile
config.status:1172: creating multilock/Makefile
config.status:1172: creating interblocage/Makefile
config.status:1172: creating tests/Makefile
config.status:1172: creating config.h
config.status:1401: executing depfiles commands
config.status:1401: executing libtool commands

## ---------------- ##
## Cache variables. ##
## ---------------- ##

ac_cv_build=x86_64-pc-linux-gnu
ac_cv_c_compiler_gnu=yes
ac_cv_cxx_compiler_gnu=yes
ac_cv_env_CCC_set=
ac_cv_env_CCC_value=
ac_cv_env_CC_set=
ac_cv_env_CC_value=
ac_cv_env_CFLAGS_set=
ac_cv_env_CFLAGS_value=
ac_cv_env_CPPFLAGS_set=
ac_cv_env_CPPFLAGS_value=
ac_cv_env_CPP_set=
ac_cv_env_CPP_value=
ac_cv_env_CXXCPP_set=
ac_cv_env_CXXCPP_value=
ac_cv_env_CXXFLAGS_set=
ac_cv_env_CXXFLAGS_value=
ac_cv_env_CXX_set=
ac_cv_env_CXX_value=
ac_cv_env_GLIB_CFLAGS_set=
ac_cv_env_GLIB_CFLAGS_value=
ac_cv_env_GLIB_LIBS_set=
ac_cv_env_GLIB_LIBS_value=
ac_cv_env_LDFLAGS_set=
ac_cv_env_LDFLAGS_value=
ac_cv_env_LIBS_set=
ac_cv_env_LIBS_value=
ac_cv_env_LT_SYS_LIBRARY_PATH_set=
ac_cv_env_LT_SYS_LIBRARY_PATH_value=
ac_cv_env_PKG_CONFIG_LIBDIR_set=
ac_cv_env_PKG_CONFIG_LIBDIR_value=
ac_cv_env_PKG_CONFIG_PATH_set=set
ac_cv_env_PKG_CONFIG_PATH_value=/usr/lib64/mpich/lib/pkgconfig
ac_cv_env_PKG_CONFIG_set=
ac_cv_env_PKG_CONFIG_value=
ac_cv_env_build_alias_set=
ac_cv_env_build_alias_value=
ac_cv_env_host_alias_set=
ac_cv_env_host_alias_value=
ac_cv_env_target_alias_set=
ac_cv_env_target_alias_value=
ac_cv_header_dlfcn_h=yes
ac_cv_header_errno_h=yes
ac_cv_header_fcntl_h=yes
ac_cv_header_inttypes_h=yes
ac_cv_header_limits_h=yes
ac_cv_header_math_h=yes
ac_cv_header_memory_h=yes
ac_cv_header_pthread_h=yes
ac_cv_header_signal_h=yes
ac_cv_header_stdarg_h=yes
ac_cv_header_stdc=yes
ac_cv_header_stdint_h=yes
ac_cv_header_stdlib_h=yes
ac_cv_header_string_h=yes
ac_cv_header_strings_h=yes
ac_cv_header_sys_stat_h=yes
ac_cv_header_sys_types_h=yes
ac_cv_header_time_h=yes
ac_cv_header_unistd_h=yes
ac_cv_host=x86_64-pc-linux-gnu
ac_cv_lib_pthread_pthread_create=yes
ac_cv_objext=o
ac_cv_path_EGREP='/usr/bin/grep -E'
ac_cv_path_FGREP='/usr/bin/grep -F'
ac_cv_path_GREP=/usr/bin/grep
ac_cv_path_SED=/usr/bin/sed
ac_cv_path_ac_pt_PKG_CONFIG=/usr/bin/pkg-config
ac_cv_path_install='/usr/bin/install -c'
ac_cv_path_lt_DD=/usr/bin/dd
ac_cv_path_mkdir=/usr/bin/mkdir
ac_cv_prog_AWK=gawk
ac_cv_prog_CPP='gcc -E'
ac_cv_prog_CXXCPP='g++ -E'
ac_cv_prog_NASM=nasm
ac_cv_prog_ac_ct_AR=ar
ac_cv_prog_ac_ct_CC=gcc
ac_cv_prog_ac_ct_CXX=g++
ac_cv_prog_ac_ct_OBJDUMP=objdump
ac_cv_prog_ac_ct_RANLIB=ranlib
ac_cv_prog_ac_ct_STRIP=strip
ac_cv_prog_cc_c89=
ac_cv_prog_cc_g=yes
ac_cv_prog_cxx_g=yes
ac_cv_prog_make_make_set=yes
am_cv_CC_dependencies_compiler_type=gcc3
am_cv_CXX_dependencies_compiler_type=gcc3
am_cv_make_support_nested_variables=yes
am_cv_prog_cc_c_o=yes
lt_cv_ar_at_file=@
lt_cv_archive_cmds_need_lc=no
lt_cv_deplibs_check_method=pass_all
lt_cv_file_magic_cmd='$MAGIC_CMD'
lt_cv_file_magic_test_file=
lt_cv_ld_reload_flag=-r
lt_cv_nm_interface='BSD nm'
lt_cv_objdir=.libs
lt_cv_path_LD=/usr/bin/ld
lt_cv_path_LDCXX='/usr/bin/ld -m elf_x86_64'
lt_cv_path_NM='/usr/bin/nm -B'
lt_cv_path_mainfest_tool=no
lt_cv_prog_compiler_c_o=yes
lt_cv_prog_compiler_c_o_CXX=yes
lt_cv_prog_compiler_pic='-fPIC -DPIC'
lt_cv_prog_compiler_pic_CXX='-fPIC -DPIC'
lt_cv_prog_compiler_pic_works=yes
lt_cv_prog_compiler_pic_works_CXX=yes
lt_cv_prog_compiler_rtti_exceptions=no
lt_cv_prog_compiler_static_works=yes
lt_cv_prog_compiler_static_works_CXX=no
lt_cv_prog_gnu_ld=yes
lt_cv_prog_gnu_ldcxx=yes
lt_cv_sharedlib_from_linklib_cmd='printf %s\n'
lt_cv_shlibpath_overrides_runpath=no
lt_cv_sys_global_symbol_pipe='sed -n -e '\''s/^.*[	 ]\([ABCDGIRSTW][ABCDGIRSTW]*\)[	 ][	 ]*\([_A-Za-z][_A-Za-z0-9]*\)$/\1 \2 \2/p'\'' | sed '\''/ __gnu_lto/d'\'''
lt_cv_sys_global_symbol_to_c_name_address='sed -n -e '\''s/^: \(.*\) .*$/  {"\1", (void *) 0},/p'\'' -e '\''s/^[ABCDGIRSTW][ABCDGIRSTW]* .* \(.*\)$/  {"\1", (void *) \&\1},/p'\'''
lt_cv_sys_global_symbol_to_c_name_address_lib_prefix='sed -n -e '\''s/^: \(.*\) .*$/  {"\1", (void *) 0},/p'\'' -e '\''s/^[ABCDGIRSTW][ABCDGIRSTW]* .* \(lib.*\)$/  {"\1", (void *) \&\1},/p'\'' -e '\''s/^[ABCDGIRSTW][ABCDGIRSTW]* .* \(.*\)$/  {"lib\1", (void *) \&\1},/p'\'''
lt_cv_sys_global_symbol_to_cdecl='sed -n -e '\''s/^T .* \(.*\)$/extern int \1();/p'\'' -e '\''s/^[ABCDGIRSTW][ABCDGIRSTW]* .* \(.*\)$/extern char \1;/p'\'''
lt_cv_sys_global_symbol_to_import=
lt_cv_sys_max_cmd_len=1572864
lt_cv_to_host_file_cmd=func_convert_file_noop
lt_cv_to_tool_file_cmd=func_convert_file_noop
lt_cv_truncate_bin='/usr/bin/dd bs=4096 count=1'
pkg_cv_GLIB_CFLAGS='-I/usr/include/glib-2.0 -I/usr/lib64/glib-2.0/include'
pkg_cv_GLIB_LIBS=-lglib-2.0

## ----------------- ##
## Output variables. ##
## ----------------- ##

ACLOCAL='${SHELL} /usagers/malapae/Bureau/INF2610/TP2/inf2610-lab2-1.4/missing aclocal-1.15'
AMDEPBACKSLASH='\'
AMDEP_FALSE='#'
AMDEP_TRUE=''
AMTAR='$${TAR-tar}'
AM_BACKSLASH='\'
AM_DEFAULT_V='$(AM_DEFAULT_VERBOSITY)'
AM_DEFAULT_VERBOSITY='0'
AM_V='$(V)'
AR='ar'
AUTOCONF='${SHELL} /usagers/malapae/Bureau/INF2610/TP2/inf2610-lab2-1.4/missing autoconf'
AUTOHEADER='${SHELL} /usagers/malapae/Bureau/INF2610/TP2/inf2610-lab2-1.4/missing autoheader'
AUTOMAKE='${SHELL} /usagers/malapae/Bureau/INF2610/TP2/inf2610-lab2-1.4/missing automake-1.15'
AWK='gawk'
CC='gcc'
CCDEPMODE='depmode=gcc3'
CFLAGS='-g -O2'
CPP='gcc -E'
CPPFLAGS=''
CXX='g++'
CXXCPP='g++ -E'
CXXDEPMODE='depmode=gcc3'
CXXFLAGS='-g -O2'
CYGPATH_W='echo'
DEFS='-DHAVE_CONFIG_H'
DEPDIR='.deps'
DLLTOOL='false'
DSYMUTIL=''
DUMPBIN=''
ECHO_C=''
ECHO_N='-n'
ECHO_T=''
EGREP='/usr/bin/grep -E'
EXEEXT=''
FGREP='/usr/bin/grep -F'
GLIB_CFLAGS='-I/usr/include/glib-2.0 -I/usr/lib64/glib-2.0/include'
GLIB_LIBS='-lglib-2.0'
GREP='/usr/bin/grep'
INSTALL_DATA='${INSTALL} -m 644'
INSTALL_PROGRAM='${INSTALL}'
INSTALL_SCRIPT='${INSTALL}'
INSTALL_STRIP_PROGRAM='$(install_sh) -c -s'
LD='/usr/bin/ld -m elf_x86_64'
LDFLAGS=''
LIBOBJS=''
LIBS='-lpthread '
LIBTOOL='$(SHELL) $(top_builddir)/libtool'
LIPO=''
LN_S='ln -s'
LTLIBOBJS=''
LT_SYS_LIBRARY_PATH=''
MAKEINFO='${SHELL} /usagers/malapae/Bureau/INF2610/TP2/inf2610-lab2-1.4/missing makeinfo'
MANIFEST_TOOL=':'
MKDIR_P='/usr/bin/mkdir -p'
NAFLAGS='-felf64 -DELF -D__x86_64__'
NASM='nasm'
NM='/usr/bin/nm -B'
NMEDIT=''
OBJDUMP='objdump'
OBJEXT='o'
OTOOL64=''
OTOOL=''
PACKAGE='inf2610-lab2'
PACKAGE_BUGREPORT=''
PACKAGE_NAME='INF2610-LAB2'
PACKAGE_STRING='INF2610-LAB2 1.4'
PACKAGE_TARNAME='inf2610-lab2'
PACKAGE_URL=''
PACKAGE_VERSION='1.4'
PATH_SEPARATOR=':'
PKG_CONFIG='/usr/bin/pkg-config'
PKG_CONFIG_LIBDIR=''
PKG_CONFIG_PATH='/usr/lib64/mpich/lib/pkgconfig'
RANLIB='ranlib'
SED='/usr/bin/sed'
SET_MAKE=''
SHELL='/bin/sh'
STRIP='strip'
VERSION='1.4'
ac_ct_AR='ar'
ac_ct_CC='gcc'
ac_ct_CXX='g++'
ac_ct_DUMPBIN=''
am__EXEEXT_FALSE=''
am__EXEEXT_TRUE='#'
am__fastdepCC_FALSE='#'
am__fastdepCC_TRUE=''
am__fastdepCXX_FALSE='#'
am__fastdepCXX_TRUE=''
am__include='include'
am__isrc=''
am__leading_dot='.'
am__nodep='_no'
am__quote=''
am__tar='$${TAR-tar} chof - "$$tardir"'
am__untar='$${TAR-tar} xf -'
bindir='${exec_prefix}/bin'
build='x86_64-pc-linux-gnu'
build_alias=''
build_cpu='x86_64'
build_os='linux-gnu'
build_vendor='pc'
datadir='${datarootdir}'
datarootdir='${prefix}/share'
docdir='${datarootdir}/doc/${PACKAGE_TARNAME}'
dvidir='${docdir}'
exec_prefix='${prefix}'
host='x86_64-pc-linux-gnu'
host_alias=''
host_cpu='x86_64'
host_os='linux-gnu'
host_vendor='pc'
htmldir='${docdir}'
includedir='${prefix}/include'
infodir='${datarootdir}/info'
install_sh='${SHELL} /usagers/malapae/Bureau/INF2610/TP2/inf2610-lab2-1.4/install-sh'
libdir='${exec_prefix}/lib'
libexecdir='${exec_prefix}/libexec'
localedir='${datarootdir}/locale'
localstatedir='${prefix}/var'
mandir='${datarootdir}/man'
mkdir_p='$(MKDIR_P)'
oldincludedir='/usr/include'
pdfdir='${docdir}'
prefix='/usr/local'
program_transform_name='s,x,x,'
psdir='${docdir}'
runstatedir='${localstatedir}/run'
sbindir='${exec_prefix}/sbin'
sharedstatedir='${prefix}/com'
sysconfdir='${prefix}/etc'
target_alias=''

## ----------- ##
## confdefs.h. ##
## ----------- ##

/* confdefs.h */
#define PACKAGE_NAME "INF2610-LAB2"
#define PACKAGE_TARNAME "inf2610-lab2"
#define PACKAGE_VERSION "1.4"
#define PACKAGE_STRING "INF2610-LAB2 1.4"
#define PACKAGE_BUGREPORT ""
#define PACKAGE_URL ""
#define PACKAGE "inf2610-lab2"
#define VERSION "1.4"
#define STDC_HEADERS 1
#define HAVE_SYS_TYPES_H 1
#define HAVE_SYS_STAT_H 1
#define HAVE_STDLIB_H 1
#define HAVE_STRING_H 1
#define HAVE_MEMORY_H 1
#define HAVE_STRINGS_H 1
#define HAVE_INTTYPES_H 1
#define HAVE_STDINT_H 1
#define HAVE_UNISTD_H 1
#define HAVE_DLFCN_H 1
#define LT_OBJDIR ".libs/"
#define HAVE_SYS_TYPES_H 1
#define HAVE_UNISTD_H 1
#define HAVE_FCNTL_H 1
#define HAVE_STRINGS_H 1
#define HAVE_PTHREAD_H 1
#define HAVE_TIME_H 1
#define HAVE_ERRNO_H 1
#define HAVE_STDARG_H 1
#define HAVE_LIMITS_H 1
#define HAVE_SIGNAL_H 1
#define HAVE_STDLIB_H 1
#define HAVE_INTTYPES_H 1
#define HAVE_MATH_H 1
#define HAVE_LIBPTHREAD 1

configure: exit 0
